[debug] [2024-08-27T19:17:02.400Z] ----------------------------------------------------------------------
[debug] [2024-08-27T19:17:02.404Z] Command:       C:\Program Files\nodejs\node.exe C:\Users\mbali\AppData\Roaming\npm\node_modules\firebase-tools\lib\bin\firebase.js emulators:start
[debug] [2024-08-27T19:17:02.405Z] CLI Version:   13.15.1
[debug] [2024-08-27T19:17:02.405Z] Platform:      win32
[debug] [2024-08-27T19:17:02.405Z] Node Version:  v22.6.0
[debug] [2024-08-27T19:17:02.406Z] Time:          Tue Aug 27 2024 21:17:02 GMT+0200 (South Africa Standard Time)
[debug] [2024-08-27T19:17:02.406Z] ----------------------------------------------------------------------
[debug] 
[debug] [2024-08-27T19:17:02.567Z] > command requires scopes: ["email","openid","https://www.googleapis.com/auth/cloudplatformprojects.readonly","https://www.googleapis.com/auth/firebase","https://www.googleapis.com/auth/cloud-platform"]
[debug] [2024-08-27T19:17:02.567Z] > authorizing via signed-in user (rataulesego95@gmail.com)
[info] i  emulators: Starting emulators: functions {"metadata":{"emulator":{"name":"hub"},"message":"Starting emulators: functions"}}
[debug] [2024-08-27T19:17:02.580Z] [logging] Logging Emulator only supports listening on one address (127.0.0.1). Not listening on ::1
[warn] !  ui: Emulator UI unable to start on port 4000, starting on 4001 instead. {"metadata":{"emulator":{"name":"ui"},"message":"Emulator UI unable to start on port 4000, starting on 4001 instead."}}
[debug] [2024-08-27T19:17:02.581Z] assigned listening specs for emulators {"user":{"hub":[{"address":"127.0.0.1","family":"IPv4","port":4400},{"address":"::1","family":"IPv6","port":4400}],"logging":[{"address":"127.0.0.1","family":"IPv4","port":4500}],"ui":[{"address":"127.0.0.1","family":"IPv4","port":4001},{"address":"::1","family":"IPv6","port":4001}]},"metadata":{"message":"assigned listening specs for emulators"}}
[debug] [2024-08-27T19:17:02.590Z] [hub] writing locator at C:\Users\mbali\AppData\Local\Temp\hub-clone-68dea.json
[debug] [2024-08-27T19:17:02.613Z] [functions] Functions Emulator only supports listening on one address (127.0.0.1). Not listening on ::1
[debug] [2024-08-27T19:17:02.614Z] [eventarc] Eventarc Emulator only supports listening on one address (127.0.0.1). Not listening on ::1
[debug] [2024-08-27T19:17:02.614Z] late-assigned ports for functions and eventarc emulators {"user":{"hub":[{"address":"127.0.0.1","family":"IPv4","port":4400},{"address":"::1","family":"IPv6","port":4400}],"logging":[{"address":"127.0.0.1","family":"IPv4","port":4500}],"ui":[{"address":"127.0.0.1","family":"IPv4","port":4001},{"address":"::1","family":"IPv6","port":4001}],"functions":[{"address":"127.0.0.1","family":"IPv4","port":5001}],"eventarc":[{"address":"127.0.0.1","family":"IPv4","port":9299}]},"metadata":{"message":"late-assigned ports for functions and eventarc emulators"}}
[warn] !  functions: The following emulators are not running, calls to these services from the Functions emulator will affect production: auth, firestore, database, hosting, pubsub, storage, dataconnect {"metadata":{"emulator":{"name":"functions"},"message":"The following emulators are not running, calls to these services from the Functions emulator will affect production: \u001b[1mauth, firestore, database, hosting, pubsub, storage, dataconnect\u001b[22m"}}
[debug] [2024-08-27T19:17:02.618Z] defaultcredentials: writing to file C:\Users\mbali\AppData\Roaming\firebase\rataulesego95_gmail_com_application_default_credentials.json
[debug] [2024-08-27T19:17:02.622Z] Setting GAC to C:\Users\mbali\AppData\Roaming\firebase\rataulesego95_gmail_com_application_default_credentials.json {"metadata":{"emulator":{"name":"functions"},"message":"Setting GAC to C:\\Users\\mbali\\AppData\\Roaming\\firebase\\rataulesego95_gmail_com_application_default_credentials.json"}}
[debug] [2024-08-27T19:17:02.627Z] >>> [apiv2][query] GET https://firebase.googleapis.com/v1beta1/projects/clone-68dea/adminSdkConfig [none]
[debug] [2024-08-27T19:17:03.283Z] <<< [apiv2][status] GET https://firebase.googleapis.com/v1beta1/projects/clone-68dea/adminSdkConfig 200
[debug] [2024-08-27T19:17:03.283Z] <<< [apiv2][body] GET https://firebase.googleapis.com/v1beta1/projects/clone-68dea/adminSdkConfig {"projectId":"clone-68dea","storageBucket":"clone-68dea.appspot.com"}
[debug] [2024-08-27T19:17:03.298Z] Ignoring unsupported arg: auto_download {"metadata":{"emulator":{"name":"ui"},"message":"Ignoring unsupported arg: auto_download"}}
[debug] [2024-08-27T19:17:03.298Z] Ignoring unsupported arg: port {"metadata":{"emulator":{"name":"ui"},"message":"Ignoring unsupported arg: port"}}
[debug] [2024-08-27T19:17:03.298Z] Starting Emulator UI with command {"binary":"node","args":["C:\\Users\\mbali\\.cache\\firebase\\emulators\\ui-v1.13.0\\server\\server.mjs"],"optionalArgs":[],"joinArgs":false,"shell":false} {"metadata":{"emulator":{"name":"ui"},"message":"Starting Emulator UI with command {\"binary\":\"node\",\"args\":[\"C:\\\\Users\\\\mbali\\\\.cache\\\\firebase\\\\emulators\\\\ui-v1.13.0\\\\server\\\\server.mjs\"],\"optionalArgs\":[],\"joinArgs\":false,\"shell\":false}"}}
[info] i  ui: Emulator UI logging to ui-debug.log {"metadata":{"emulator":{"name":"ui"},"message":"Emulator UI logging to \u001b[1mui-debug.log\u001b[22m"}}
[debug] [2024-08-27T19:17:03.467Z] Web / API server started at 127.0.0.1:4001
 {"metadata":{"emulator":{"name":"ui"},"message":"Web / API server started at 127.0.0.1:4001\n"}}
[debug] [2024-08-27T19:17:03.468Z] Web / API server started at ::1:4001
 {"metadata":{"emulator":{"name":"ui"},"message":"Web / API server started at ::1:4001\n"}}
[info] i  functions: Watching "C:\Users\mbali\OneDrive\Desktop\My-Amazon-App\Amazon-clone\functions" for Cloud Functions... {"metadata":{"emulator":{"name":"functions"},"message":"Watching \"C:\\Users\\mbali\\OneDrive\\Desktop\\My-Amazon-App\\Amazon-clone\\functions\" for Cloud Functions..."}}
[debug] [2024-08-27T19:17:03.539Z] Validating nodejs source
[debug] [2024-08-27T19:17:04.754Z] > [functions] package.json contents: {
  "name": "functions",
  "description": "Cloud Functions for Firebase",
  "scripts": {
    "lint": "eslint .",
    "serve": "firebase emulators:start --only functions",
    "shell": "firebase functions:shell",
    "start": "npm run shell",
    "deploy": "firebase deploy --only functions",
    "logs": "firebase functions:log"
  },
  "engines": {
    "node": "18"
  },
  "main": "index.js",
  "dependencies": {
    "firebase-admin": "^12.1.0",
    "firebase-functions": "^5.0.0"
  },
  "devDependencies": {
    "eslint": "^8.15.0",
    "eslint-config-google": "^0.14.0",
    "firebase-functions-test": "^3.1.0"
  },
  "private": true
}
[debug] [2024-08-27T19:17:04.754Z] Building nodejs source
[debug] [2024-08-27T19:17:04.755Z] Failed to find version of module node: reached end of search path C:\Users\mbali\OneDrive\Desktop\My-Amazon-App\Amazon-clone\functions\node_modules
[warn] !  functions: Your requested "node" version "18" doesn't match your global version "22". Using node@22 from host. 
[debug] [2024-08-27T19:17:04.758Z] Could not find functions.yaml. Must use http discovery
[debug] [2024-08-27T19:17:04.768Z] Found firebase-functions binary at 'C:\Users\mbali\OneDrive\Desktop\My-Amazon-App\Amazon-clone\functions\node_modules\.bin\firebase-functions'
[info] Serving at port 8619

[debug] [2024-08-27T19:17:05.385Z] Got response from /__/functions.yaml {"endpoints":{"api":{"availableMemoryMb":null,"timeoutSeconds":null,"minInstances":null,"maxInstances":null,"ingressSettings":null,"concurrency":null,"serviceAccountEmail":null,"vpc":null,"platform":"gcfv2","labels":{},"httpsTrigger":{},"entryPoint":"api"}},"specVersion":"v1alpha1","requiredAPIs":[],"extensions":{}}
[info] +  functions: Loaded functions definitions from source: api. {"metadata":{"emulator":{"name":"functions"},"message":"Loaded functions definitions from source: api."}}
[info] +  functions[us-central1-api]: http function initialized (http://127.0.0.1:5001/clone-68dea/us-central1/api). {"metadata":{"emulator":{"name":"functions"},"message":"\u001b[1mhttp\u001b[22m function initialized (http://127.0.0.1:5001/clone-68dea/us-central1/api)."}}
[info] 
┌─────────────────────────────────────────────────────────────┐
│ ✔  All emulators ready! It is now safe to connect your app. │
│ i  View Emulator UI at http://127.0.0.1:4001/               │
└─────────────────────────────────────────────────────────────┘

┌───────────┬────────────────┬─────────────────────────────────┐
│ Emulator  │ Host:Port      │ View in Emulator UI             │
├───────────┼────────────────┼─────────────────────────────────┤
│ Functions │ 127.0.0.1:5001 │ http://127.0.0.1:4001/functions │
└───────────┴────────────────┴─────────────────────────────────┘
  Emulator Hub running at 127.0.0.1:4400
  Other reserved ports: 4500

Issues? Report them at https://github.com/firebase/firebase-tools/issues and attach the *-debug.log files.
 
[debug] [2024-08-27T19:17:35.426Z] [work-queue] {"queuedWork":["/clone-68dea/us-central1/api-2024-08-27T19:17:35.426Z"],"queueLength":1,"runningWork":[],"workRunningCount":0}
[debug] [2024-08-27T19:17:35.426Z] [work-queue] {"queuedWork":[],"queueLength":0,"runningWork":["/clone-68dea/us-central1/api-2024-08-27T19:17:35.426Z"],"workRunningCount":1}
[debug] [2024-08-27T19:17:35.427Z] Accepted request GET /clone-68dea/us-central1/api --> us-central1-api
[debug] [2024-08-27T19:17:35.430Z] [functions] Runtime ready! Sending request! {"metadata":{"emulator":{"name":"functions"},"message":"[functions] Runtime ready! Sending request!"}}
[debug] [2024-08-27T19:17:35.431Z] [functions] Got req.url=/clone-68dea/us-central1/api, mapping to path=/ {"metadata":{"emulator":{"name":"functions"},"message":"[functions] Got req.url=/clone-68dea/us-central1/api, mapping to path=/"}}
[debug] [2024-08-27T19:17:35.459Z] [worker-pool] addWorker(us-central1-api) {"metadata":{"emulator":{"name":"functions"},"message":"[worker-pool] addWorker(us-central1-api)"}}
[debug] [2024-08-27T19:17:35.459Z] [worker-pool] Adding worker with key us-central1-api, total=1 {"metadata":{"emulator":{"name":"functions"},"message":"[worker-pool] Adding worker with key us-central1-api, total=1"}}
[info] >  (node:10776) [DEP0040] DeprecationWarning: The `punycode` module is deprecated. Please use a userland alternative instead. {"user":"(node:10776) [DEP0040] DeprecationWarning: The `punycode` module is deprecated. Please use a userland alternative instead.","metadata":{"emulator":{"name":"functions"},"function":{"name":"us-central1-api"},"extension":{},"message":"\u001b[90m> \u001b[39m (node:10776) [DEP0040] DeprecationWarning: The `punycode` module is deprecated. Please use a userland alternative instead."}}
[info] >  (Use `node --trace-deprecation ...` to show where the warning was created) {"user":"(Use `node --trace-deprecation ...` to show where the warning was created)","metadata":{"emulator":{"name":"functions"},"function":{"name":"us-central1-api"},"extension":{},"message":"\u001b[90m> \u001b[39m (Use `node --trace-deprecation ...` to show where the warning was created)"}}
[debug] [2024-08-27T19:17:37.353Z] [runtime-status] [10776] Resolved module firebase-admin {"declared":true,"installed":true,"version":"12.4.0","resolution":"C:\\Users\\mbali\\OneDrive\\Desktop\\My-Amazon-App\\Amazon-clone\\functions\\node_modules\\firebase-admin\\lib\\index.js"} {"metadata":{"emulator":{"name":"functions"},"function":{"name":"us-central1-api"},"extension":{},"message":"[runtime-status] [10776] Resolved module firebase-admin {\"declared\":true,\"installed\":true,\"version\":\"12.4.0\",\"resolution\":\"C:\\\\Users\\\\mbali\\\\OneDrive\\\\Desktop\\\\My-Amazon-App\\\\Amazon-clone\\\\functions\\\\node_modules\\\\firebase-admin\\\\lib\\\\index.js\"}"}}
[debug] [2024-08-27T19:17:37.354Z] [runtime-status] [10776] Resolved module firebase-functions {"declared":true,"installed":true,"version":"5.1.0","resolution":"C:\\Users\\mbali\\OneDrive\\Desktop\\My-Amazon-App\\Amazon-clone\\functions\\node_modules\\firebase-functions\\lib\\v1\\index.js"} {"metadata":{"emulator":{"name":"functions"},"function":{"name":"us-central1-api"},"extension":{},"message":"[runtime-status] [10776] Resolved module firebase-functions {\"declared\":true,\"installed\":true,\"version\":\"5.1.0\",\"resolution\":\"C:\\\\Users\\\\mbali\\\\OneDrive\\\\Desktop\\\\My-Amazon-App\\\\Amazon-clone\\\\functions\\\\node_modules\\\\firebase-functions\\\\lib\\\\v1\\\\index.js\"}"}}
[debug] [2024-08-27T19:17:37.355Z] [runtime-status] [10776] Outgoing network have been stubbed. [{"name":"http","status":"mocked"},{"name":"http","status":"mocked"},{"name":"https","status":"mocked"},{"name":"https","status":"mocked"},{"name":"net","status":"mocked"}] {"metadata":{"emulator":{"name":"functions"},"function":{"name":"us-central1-api"},"extension":{},"message":"[runtime-status] [10776] Outgoing network have been stubbed. [{\"name\":\"http\",\"status\":\"mocked\"},{\"name\":\"http\",\"status\":\"mocked\"},{\"name\":\"https\",\"status\":\"mocked\"},{\"name\":\"https\",\"status\":\"mocked\"},{\"name\":\"net\",\"status\":\"mocked\"}]"}}
[debug] [2024-08-27T19:17:37.356Z] [runtime-status] [10776] Resolved module firebase-functions {"declared":true,"installed":true,"version":"5.1.0","resolution":"C:\\Users\\mbali\\OneDrive\\Desktop\\My-Amazon-App\\Amazon-clone\\functions\\node_modules\\firebase-functions\\lib\\v1\\index.js"} {"metadata":{"emulator":{"name":"functions"},"function":{"name":"us-central1-api"},"extension":{},"message":"[runtime-status] [10776] Resolved module firebase-functions {\"declared\":true,\"installed\":true,\"version\":\"5.1.0\",\"resolution\":\"C:\\\\Users\\\\mbali\\\\OneDrive\\\\Desktop\\\\My-Amazon-App\\\\Amazon-clone\\\\functions\\\\node_modules\\\\firebase-functions\\\\lib\\\\v1\\\\index.js\"}"}}
[debug] [2024-08-27T19:17:37.844Z] [runtime-status] [10776] Checked functions.config() {"config":{}} {"metadata":{"emulator":{"name":"functions"},"function":{"name":"us-central1-api"},"extension":{},"message":"[runtime-status] [10776] Checked functions.config() {\"config\":{}}"}}
[debug] [2024-08-27T19:17:37.844Z] [runtime-status] [10776] firebase-functions has been stubbed. {"functionsResolution":{"declared":true,"installed":true,"version":"5.1.0","resolution":"C:\\Users\\mbali\\OneDrive\\Desktop\\My-Amazon-App\\Amazon-clone\\functions\\node_modules\\firebase-functions\\lib\\v1\\index.js"}} {"metadata":{"emulator":{"name":"functions"},"function":{"name":"us-central1-api"},"extension":{},"message":"[runtime-status] [10776] firebase-functions has been stubbed. {\"functionsResolution\":{\"declared\":true,\"installed\":true,\"version\":\"5.1.0\",\"resolution\":\"C:\\\\Users\\\\mbali\\\\OneDrive\\\\Desktop\\\\My-Amazon-App\\\\Amazon-clone\\\\functions\\\\node_modules\\\\firebase-functions\\\\lib\\\\v1\\\\index.js\"}}"}}
[debug] [2024-08-27T19:17:37.845Z] [runtime-status] [10776] Resolved module firebase-functions {"declared":true,"installed":true,"version":"5.1.0","resolution":"C:\\Users\\mbali\\OneDrive\\Desktop\\My-Amazon-App\\Amazon-clone\\functions\\node_modules\\firebase-functions\\lib\\v1\\index.js"} {"metadata":{"emulator":{"name":"functions"},"function":{"name":"us-central1-api"},"extension":{},"message":"[runtime-status] [10776] Resolved module firebase-functions {\"declared\":true,\"installed\":true,\"version\":\"5.1.0\",\"resolution\":\"C:\\\\Users\\\\mbali\\\\OneDrive\\\\Desktop\\\\My-Amazon-App\\\\Amazon-clone\\\\functions\\\\node_modules\\\\firebase-functions\\\\lib\\\\v1\\\\index.js\"}"}}
[debug] [2024-08-27T19:17:37.848Z] [runtime-status] [10776] Resolved module firebase-admin {"declared":true,"installed":true,"version":"12.4.0","resolution":"C:\\Users\\mbali\\OneDrive\\Desktop\\My-Amazon-App\\Amazon-clone\\functions\\node_modules\\firebase-admin\\lib\\index.js"} {"metadata":{"emulator":{"name":"functions"},"function":{"name":"us-central1-api"},"extension":{},"message":"[runtime-status] [10776] Resolved module firebase-admin {\"declared\":true,\"installed\":true,\"version\":\"12.4.0\",\"resolution\":\"C:\\\\Users\\\\mbali\\\\OneDrive\\\\Desktop\\\\My-Amazon-App\\\\Amazon-clone\\\\functions\\\\node_modules\\\\firebase-admin\\\\lib\\\\index.js\"}"}}
[debug] [2024-08-27T19:17:37.856Z] [runtime-status] [10776] Resolved module firebase-functions {"declared":true,"installed":true,"version":"5.1.0","resolution":"C:\\Users\\mbali\\OneDrive\\Desktop\\My-Amazon-App\\Amazon-clone\\functions\\node_modules\\firebase-functions\\lib\\v1\\index.js"} {"metadata":{"emulator":{"name":"functions"},"function":{"name":"us-central1-api"},"extension":{},"message":"[runtime-status] [10776] Resolved module firebase-functions {\"declared\":true,\"installed\":true,\"version\":\"5.1.0\",\"resolution\":\"C:\\\\Users\\\\mbali\\\\OneDrive\\\\Desktop\\\\My-Amazon-App\\\\Amazon-clone\\\\functions\\\\node_modules\\\\firebase-functions\\\\lib\\\\v1\\\\index.js\"}"}}
[debug] [2024-08-27T19:17:37.857Z] [runtime-status] [10776] firebase-admin has been stubbed. {"adminResolution":{"declared":true,"installed":true,"version":"12.4.0","resolution":"C:\\Users\\mbali\\OneDrive\\Desktop\\My-Amazon-App\\Amazon-clone\\functions\\node_modules\\firebase-admin\\lib\\index.js"}} {"metadata":{"emulator":{"name":"functions"},"function":{"name":"us-central1-api"},"extension":{},"message":"[runtime-status] [10776] firebase-admin has been stubbed. {\"adminResolution\":{\"declared\":true,\"installed\":true,\"version\":\"12.4.0\",\"resolution\":\"C:\\\\Users\\\\mbali\\\\OneDrive\\\\Desktop\\\\My-Amazon-App\\\\Amazon-clone\\\\functions\\\\node_modules\\\\firebase-admin\\\\lib\\\\index.js\"}}"}}
[debug] [2024-08-27T19:17:38.139Z] [runtime-status] [10776] Functions runtime initialized. {"cwd":"C:\\Users\\mbali\\OneDrive\\Desktop\\My-Amazon-App\\Amazon-clone\\functions","node_version":"22.6.0"} {"metadata":{"emulator":{"name":"functions"},"function":{"name":"us-central1-api"},"extension":{},"message":"[runtime-status] [10776] Functions runtime initialized. {\"cwd\":\"C:\\\\Users\\\\mbali\\\\OneDrive\\\\Desktop\\\\My-Amazon-App\\\\Amazon-clone\\\\functions\",\"node_version\":\"22.6.0\"}"}}
[debug] [2024-08-27T19:17:38.140Z] [runtime-status] [10776] Listening to port: \\?\pipe\fire_emu_9e40941bde511e22 {"metadata":{"emulator":{"name":"functions"},"function":{"name":"us-central1-api"},"extension":{},"message":"[runtime-status] [10776] Listening to port: \\\\?\\pipe\\fire_emu_9e40941bde511e22"}}
[debug] [2024-08-27T19:17:38.196Z] [worker-us-central1-api-5d813a79-aa32-450b-811b-e45bd09c767c]: IDLE {"metadata":{"emulator":{"name":"functions"},"function":{"name":"us-central1-api"},"extension":{},"message":"[worker-us-central1-api-5d813a79-aa32-450b-811b-e45bd09c767c]: IDLE"}}
[debug] [2024-08-27T19:17:38.197Z] [worker-pool] submitRequest(triggerId=us-central1-api) {"metadata":{"emulator":{"name":"functions"},"message":"[worker-pool] submitRequest(triggerId=us-central1-api)"}}
[info] i  functions: Beginning execution of "us-central1-api" {"metadata":{"emulator":{"name":"functions"},"function":{"name":"us-central1-api"},"extension":{},"message":"Beginning execution of \"us-central1-api\""}}
[debug] [2024-08-27T19:17:38.199Z] [worker-us-central1-api-5d813a79-aa32-450b-811b-e45bd09c767c]: BUSY {"metadata":{"emulator":{"name":"functions"},"function":{"name":"us-central1-api"},"extension":{},"message":"[worker-us-central1-api-5d813a79-aa32-450b-811b-e45bd09c767c]: BUSY"}}
[debug] [2024-08-27T19:17:38.216Z] Finishing up request with event=pause {"metadata":{"emulator":{"name":"functions"},"function":{"name":"us-central1-api"},"extension":{},"message":"Finishing up request with event=pause"}}
[info] i  functions: Finished "us-central1-api" in 17.8671ms {"metadata":{"emulator":{"name":"functions"},"function":{"name":"us-central1-api"},"extension":{},"message":"Finished \"us-central1-api\" in 17.8671ms"}}
[debug] [2024-08-27T19:17:38.218Z] [worker-us-central1-api-5d813a79-aa32-450b-811b-e45bd09c767c]: IDLE {"metadata":{"emulator":{"name":"functions"},"function":{"name":"us-central1-api"},"extension":{},"message":"[worker-us-central1-api-5d813a79-aa32-450b-811b-e45bd09c767c]: IDLE"}}
[debug] [2024-08-27T19:17:38.218Z] Finishing up request with event=finish {"metadata":{"emulator":{"name":"functions"},"function":{"name":"us-central1-api"},"extension":{},"message":"Finishing up request with event=finish"}}
[debug] [2024-08-27T19:17:38.219Z] Finishing up request with event=close {"metadata":{"emulator":{"name":"functions"},"function":{"name":"us-central1-api"},"extension":{},"message":"Finishing up request with event=close"}}
[debug] [2024-08-27T19:17:38.219Z] [work-queue] {"queuedWork":[],"queueLength":0,"runningWork":[],"workRunningCount":0}
[debug] [2024-08-28T04:35:01.006Z] [worker-us-central1-api-5d813a79-aa32-450b-811b-e45bd09c767c]: exited {"metadata":{"emulator":{"name":"functions"},"function":{"name":"us-central1-api"},"extension":{},"message":"[worker-us-central1-api-5d813a79-aa32-450b-811b-e45bd09c767c]: exited"}}
[debug] [2024-09-01T18:02:55.274Z] ----------------------------------------------------------------------
[debug] [2024-09-01T18:02:55.277Z] Command:       C:\Program Files\nodejs\node.exe C:\Users\mbali\AppData\Roaming\npm\node_modules\firebase-tools\lib\bin\firebase.js init
[debug] [2024-09-01T18:02:55.277Z] CLI Version:   13.15.1
[debug] [2024-09-01T18:02:55.277Z] Platform:      win32
[debug] [2024-09-01T18:02:55.277Z] Node Version:  v22.6.0
[debug] [2024-09-01T18:02:55.277Z] Time:          Sun Sep 01 2024 20:02:55 GMT+0200 (South Africa Standard Time)
[debug] [2024-09-01T18:02:55.277Z] ----------------------------------------------------------------------
[debug] 
[debug] [2024-09-01T18:02:55.280Z] >>> [apiv2][query] GET https://firebase-public.firebaseio.com/cli.json [none]
[debug] [2024-09-01T18:02:55.426Z] > command requires scopes: ["email","openid","https://www.googleapis.com/auth/cloudplatformprojects.readonly","https://www.googleapis.com/auth/firebase","https://www.googleapis.com/auth/cloud-platform"]
[debug] [2024-09-01T18:02:55.426Z] > authorizing via signed-in user (rataulesego95@gmail.com)
[info] 
     ######## #### ########  ######## ########     ###     ######  ########
     ##        ##  ##     ## ##       ##     ##  ##   ##  ##       ##
     ######    ##  ########  ######   ########  #########  ######  ######
     ##        ##  ##    ##  ##       ##     ## ##     ##       ## ##
     ##       #### ##     ## ######## ########  ##     ##  ######  ########

You're about to initialize a Firebase project in this directory:

  C:\Users\mbali\OneDrive\Desktop\My-Amazon-App\Amazon-clone

Before we get started, keep in mind:

  * You are initializing within an existing Firebase project directory

[debug] [2024-09-01T18:02:56.441Z] <<< [apiv2][status] GET https://firebase-public.firebaseio.com/cli.json 200
[debug] [2024-09-01T18:02:56.442Z] <<< [apiv2][body] GET https://firebase-public.firebaseio.com/cli.json {"cloudBuildErrorAfter":1594252800000,"cloudBuildWarnAfter":1590019200000,"defaultNode10After":1594252800000,"minVersion":"3.0.5","node8DeploysDisabledAfter":1613390400000,"node8RuntimeDisabledAfter":1615809600000,"node8WarnAfter":1600128000000}
